<?xml version="1.0" encoding="UTF-8"?>
<testng-results skipped="0" failed="0" total="1" passed="1">
  <reporter-output>
  </reporter-output>
  <suite name="Default suite" duration-ms="1282" started-at="2017-07-28T12:37:44Z" finished-at="2017-07-28T12:37:45Z">
    <groups>
    </groups>
    <test name="Default test" duration-ms="1282" started-at="2017-07-28T12:37:44Z" finished-at="2017-07-28T12:37:45Z">
      <class name="DBTest.call_KeywordFunc">
        <test-method status="PASS" signature="callKeyFunc()[pri:0, instance:DBTest.call_KeywordFunc@5c3bd550]" name="callKeyFunc" duration-ms="1248" started-at="2017-07-28T08:37:44Z" finished-at="2017-07-28T08:37:45Z">
          <reporter-output>
          </reporter-output>
        </test-method> <!-- callKeyFunc -->
      </class> <!-- DBTest.call_KeywordFunc -->
    </test> <!-- Default test -->
  </suite> <!-- Default suite -->
</testng-results>
